nohup: ignoring input
mkdir -p naacl09
mkdir -p naacl09
mkdir -p naacl09
echo "Starting naacl09/a_Gunigram_D_E_n500_m0_t1_w1_a1e-4_b1e4_e1_f1_g10_h0.1_R-1_0.sws"
Starting naacl09/a_Gunigram_D_E_n500_m0_t1_w1_a1e-4_b1e4_e1_f1_g10_h0.1_R-1_0.sws
echo "Starting naacl09/a_Gunigram_D_E_n500_m0_t1_w1_a1e-4_b1e4_e1_f1_g10_h0.1_R-1_1.sws"
echo "Starting naacl09/a_Gcolloc_D_E_n500_m0_t1_w1_a1e-4_b1e4_e1_f1_g10_h0.1_R-1_0.sws"
time br-syll-input.py < br-phono.txt | py-cfg -A naacl09/a_Gunigram_D_E_n500_m0_t1_w1_a1e-4_b1e4_e1_f1_g10_h0.1_R-1_0.prs \
		-C -r $RANDOM -d 10 -x 10 \
		-F naacl09/a_Gunigram_D_E_n500_m0_t1_w1_a1e-4_b1e4_e1_f1_g10_h0.1_R-1_0.trace \
		-G naacl09/a_Gunigram_D_E_n500_m0_t1_w1_a1e-4_b1e4_e1_f1_g10_h0.1_R-1_0.wlt \
		-D \
		-E \
		-a 1e-4 \
		-b 1e4 \
		-e 1 \
		-f 1 \
		-g 10 \
		-h 0.1 \
		-w 1 \
		-T 1 \
		-m 0 \
		-n 500 \
		-R -1 \
		-X "eval.py --gold br-phono.txt --train-trees --score-cat-re=\"Word\" --morpheme-split-re=\"[ \\t]+\" --filter-terminal-re=\"[.]+\" > naacl09/a_Gunigram_D_E_n500_m0_t1_w1_a1e-4_b1e4_e1_f1_g10_h0.1_R-1_0.weval" \
		-X "trees-words.py -n 500 -r 10 -s 0.5 > naacl09/a_Gunigram_D_E_n500_m0_t1_w1_a1e-4_b1e4_e1_f1_g10_h0.1_R-1_0.sws" \
		unigram.lt 
mkdir -p naacl09
mkdir -p naacl09
Starting naacl09/a_Gunigram_D_E_n500_m0_t1_w1_a1e-4_b1e4_e1_f1_g10_h0.1_R-1_1.sws
Starting naacl09/a_Gcolloc_D_E_n500_m0_t1_w1_a1e-4_b1e4_e1_f1_g10_h0.1_R-1_0.sws
time br-syll-input.py < br-phono.txt | py-cfg -A naacl09/a_Gunigram_D_E_n500_m0_t1_w1_a1e-4_b1e4_e1_f1_g10_h0.1_R-1_1.prs \
		-C -r $RANDOM -d 10 -x 10 \
		-F naacl09/a_Gunigram_D_E_n500_m0_t1_w1_a1e-4_b1e4_e1_f1_g10_h0.1_R-1_1.trace \
		-G naacl09/a_Gunigram_D_E_n500_m0_t1_w1_a1e-4_b1e4_e1_f1_g10_h0.1_R-1_1.wlt \
		-D \
		-E \
		-a 1e-4 \
		-b 1e4 \
		-e 1 \
		-f 1 \
		-g 10 \
		-h 0.1 \
		-w 1 \
		-T 1 \
		-m 0 \
		-n 500 \
		-R -1 \
		-X "eval.py --gold br-phono.txt --train-trees --score-cat-re=\"Word\" --morpheme-split-re=\"[ \\t]+\" --filter-terminal-re=\"[.]+\" > naacl09/a_Gunigram_D_E_n500_m0_t1_w1_a1e-4_b1e4_e1_f1_g10_h0.1_R-1_1.weval" \
		-X "trees-words.py -n 500 -r 10 -s 0.5 > naacl09/a_Gunigram_D_E_n500_m0_t1_w1_a1e-4_b1e4_e1_f1_g10_h0.1_R-1_1.sws" \
		unigram.lt 
time br-syll-input.py < br-phono.txt | py-cfg -A naacl09/a_Gcolloc_D_E_n500_m0_t1_w1_a1e-4_b1e4_e1_f1_g10_h0.1_R-1_0.prs \
		-C -r $RANDOM -d 10 -x 10 \
		-F naacl09/a_Gcolloc_D_E_n500_m0_t1_w1_a1e-4_b1e4_e1_f1_g10_h0.1_R-1_0.trace \
		-G naacl09/a_Gcolloc_D_E_n500_m0_t1_w1_a1e-4_b1e4_e1_f1_g10_h0.1_R-1_0.wlt \
		-D \
		-E \
		-a 1e-4 \
		-b 1e4 \
		-e 1 \
		-f 1 \
		-g 10 \
		-h 0.1 \
		-w 1 \
		-T 1 \
		-m 0 \
		-n 500 \
		-R -1 \
		-X "eval.py --gold br-phono.txt --train-trees --score-cat-re=\"Word\" --morpheme-split-re=\"[ \\t]+\" --filter-terminal-re=\"[.]+\" > naacl09/a_Gcolloc_D_E_n500_m0_t1_w1_a1e-4_b1e4_e1_f1_g10_h0.1_R-1_0.weval" \
		-X "trees-words.py -n 500 -r 10 -s 0.5 > naacl09/a_Gcolloc_D_E_n500_m0_t1_w1_a1e-4_b1e4_e1_f1_g10_h0.1_R-1_0.sws" \
		colloc.lt 
echo "Starting naacl09/a_Gcolloc_D_E_n500_m0_t1_w1_a1e-4_b1e4_e1_f1_g10_h0.1_R-1_1.sws"
echo "Starting naacl09/a_Gcolloc3-syllablesIF_D_E_n500_m0_t1_w1_a1e-4_b1e4_e1_f1_g10_h0.1_R-1_0.sws"
Starting naacl09/a_Gcolloc_D_E_n500_m0_t1_w1_a1e-4_b1e4_e1_f1_g10_h0.1_R-1_1.sws
time br-syll-input.py < br-phono.txt | py-cfg -A naacl09/a_Gcolloc_D_E_n500_m0_t1_w1_a1e-4_b1e4_e1_f1_g10_h0.1_R-1_1.prs \
		-C -r $RANDOM -d 10 -x 10 \
		-F naacl09/a_Gcolloc_D_E_n500_m0_t1_w1_a1e-4_b1e4_e1_f1_g10_h0.1_R-1_1.trace \
		-G naacl09/a_Gcolloc_D_E_n500_m0_t1_w1_a1e-4_b1e4_e1_f1_g10_h0.1_R-1_1.wlt \
		-D \
		-E \
		-a 1e-4 \
		-b 1e4 \
		-e 1 \
		-f 1 \
		-g 10 \
		-h 0.1 \
		-w 1 \
		-T 1 \
		-m 0 \
		-n 500 \
		-R -1 \
		-X "eval.py --gold br-phono.txt --train-trees --score-cat-re=\"Word\" --morpheme-split-re=\"[ \\t]+\" --filter-terminal-re=\"[.]+\" > naacl09/a_Gcolloc_D_E_n500_m0_t1_w1_a1e-4_b1e4_e1_f1_g10_h0.1_R-1_1.weval" \
		-X "trees-words.py -n 500 -r 10 -s 0.5 > naacl09/a_Gcolloc_D_E_n500_m0_t1_w1_a1e-4_b1e4_e1_f1_g10_h0.1_R-1_1.sws" \
		colloc.lt 
time br-syll-input.py < br-phono.txt | py-cfg -A naacl09/a_Gcolloc3-syllablesIF_D_E_n500_m0_t1_w1_a1e-4_b1e4_e1_f1_g10_h0.1_R-1_0.prs \
		-C -r $RANDOM -d 10 -x 10 \
		-F naacl09/a_Gcolloc3-syllablesIF_D_E_n500_m0_t1_w1_a1e-4_b1e4_e1_f1_g10_h0.1_R-1_0.trace \
		-G naacl09/a_Gcolloc3-syllablesIF_D_E_n500_m0_t1_w1_a1e-4_b1e4_e1_f1_g10_h0.1_R-1_0.wlt \
		-D \
		-E \
		-a 1e-4 \
		-b 1e4 \
		-e 1 \
		-f 1 \
		-g 10 \
		-h 0.1 \
		-w 1 \
		-T 1 \
		-m 0 \
		-n 500 \
		-R -1 \
		-X "eval.py --gold br-phono.txt --train-trees --score-cat-re=\"Word\" --morpheme-split-re=\"[ \\t]+\" --filter-terminal-re=\"[.]+\" > naacl09/a_Gcolloc3-syllablesIF_D_E_n500_m0_t1_w1_a1e-4_b1e4_e1_f1_g10_h0.1_R-1_0.weval" \
		-X "trees-words.py -n 500 -r 10 -s 0.5 > naacl09/a_Gcolloc3-syllablesIF_D_E_n500_m0_t1_w1_a1e-4_b1e4_e1_f1_g10_h0.1_R-1_0.sws" \
		colloc3-syllablesIF.lt 
mkdir -p naacl09
echo "Starting naacl09/a_Gcolloc3-syllablesIF_D_E_n500_m0_t1_w1_a1e-4_b1e4_e1_f1_g10_h0.1_R-1_1.sws"
Starting naacl09/a_Gcolloc3-syllablesIF_D_E_n500_m0_t1_w1_a1e-4_b1e4_e1_f1_g10_h0.1_R-1_1.sws
time br-syll-input.py < br-phono.txt | py-cfg -A naacl09/a_Gcolloc3-syllablesIF_D_E_n500_m0_t1_w1_a1e-4_b1e4_e1_f1_g10_h0.1_R-1_1.prs \
		-C -r $RANDOM -d 10 -x 10 \
		-F naacl09/a_Gcolloc3-syllablesIF_D_E_n500_m0_t1_w1_a1e-4_b1e4_e1_f1_g10_h0.1_R-1_1.trace \
		-G naacl09/a_Gcolloc3-syllablesIF_D_E_n500_m0_t1_w1_a1e-4_b1e4_e1_f1_g10_h0.1_R-1_1.wlt \
		-D \
		-E \
		-a 1e-4 \
		-b 1e4 \
		-e 1 \
		-f 1 \
		-g 10 \
		-h 0.1 \
		-w 1 \
		-T 1 \
		-m 0 \
		-n 500 \
		-R -1 \
		-X "eval.py --gold br-phono.txt --train-trees --score-cat-re=\"Word\" --morpheme-split-re=\"[ \\t]+\" --filter-terminal-re=\"[.]+\" > naacl09/a_Gcolloc3-syllablesIF_D_E_n500_m0_t1_w1_a1e-4_b1e4_e1_f1_g10_h0.1_R-1_1.weval" \
		-X "trees-words.py -n 500 -r 10 -s 0.5 > naacl09/a_Gcolloc3-syllablesIF_D_E_n500_m0_t1_w1_a1e-4_b1e4_e1_f1_g10_h0.1_R-1_1.sws" \
		colloc3-syllablesIF.lt 
# 500 iterations, 1650 tables,  log P(trees) = -204657, 3.08173 bits/token, 8137/9790 unchanged, 1/1653 rejected.

real	32m24.071s
user	32m26.954s
sys	0m1.755s
# 500 iterations, 1665 tables,  log P(trees) = -205155, 3.08923 bits/token, 8147/9790 unchanged, 0/1643 rejected.

real	32m36.493s
user	32m39.208s
sys	0m1.687s
mbr.py naacl09/a_Gunigram_D_E_n500_m0_t1_w1_a1e-4_b1e4_e1_f1_g10_h0.1_R-1_0.sws naacl09/a_Gunigram_D_E_n500_m0_t1_w1_a1e-4_b1e4_e1_f1_g10_h0.1_R-1_1.sws > naacl09/a_Gunigram_D_E_n500_m0_t1_w1_a1e-4_b1e4_e1_f1_g10_h0.1_R-1.avprs
score_seg.prl br-phono.txt naacl09/a_Gunigram_D_E_n500_m0_t1_w1_a1e-4_b1e4_e1_f1_g10_h0.1_R-1.avprs > naacl09/a_Gunigram_D_E_n500_m0_t1_w1_a1e-4_b1e4_e1_f1_g10_h0.1_R-1.score	
.# 500 iterations, 6497 tables,  log P(trees) = -191627, 2.88553 bits/token, 5784/9790 unchanged, 4/4006 rejected.

real	62m21.533s
user	62m23.018s
sys	0m1.816s
# 500 iterations, 6361 tables,  log P(trees) = -191505, 2.88369 bits/token, 5930/9790 unchanged, 6/3860 rejected.

real	62m41.314s
user	62m43.237s
sys	0m1.779s
mbr.py naacl09/a_Gcolloc_D_E_n500_m0_t1_w1_a1e-4_b1e4_e1_f1_g10_h0.1_R-1_0.sws naacl09/a_Gcolloc_D_E_n500_m0_t1_w1_a1e-4_b1e4_e1_f1_g10_h0.1_R-1_1.sws > naacl09/a_Gcolloc_D_E_n500_m0_t1_w1_a1e-4_b1e4_e1_f1_g10_h0.1_R-1.avprs
score_seg.prl br-phono.txt naacl09/a_Gcolloc_D_E_n500_m0_t1_w1_a1e-4_b1e4_e1_f1_g10_h0.1_R-1.avprs > naacl09/a_Gcolloc_D_E_n500_m0_t1_w1_a1e-4_b1e4_e1_f1_g10_h0.1_R-1.score	
.# 500 iterations, 19352 tables,  log P(trees) = -198569, 2.99006 bits/token, 4731/9790 unchanged, 14/5059 rejected.

real	253m52.790s
user	253m50.475s
sys	0m2.522s
# 500 iterations, 19410 tables,  log P(trees) = -198308, 2.98613 bits/token, 4653/9790 unchanged, 12/5137 rejected.

real	262m8.097s
user	262m5.672s
sys	0m2.708s
mbr.py naacl09/a_Gcolloc3-syllablesIF_D_E_n500_m0_t1_w1_a1e-4_b1e4_e1_f1_g10_h0.1_R-1_0.sws naacl09/a_Gcolloc3-syllablesIF_D_E_n500_m0_t1_w1_a1e-4_b1e4_e1_f1_g10_h0.1_R-1_1.sws > naacl09/a_Gcolloc3-syllablesIF_D_E_n500_m0_t1_w1_a1e-4_b1e4_e1_f1_g10_h0.1_R-1.avprs
score_seg.prl br-phono.txt naacl09/a_Gcolloc3-syllablesIF_D_E_n500_m0_t1_w1_a1e-4_b1e4_e1_f1_g10_h0.1_R-1.avprs > naacl09/a_Gcolloc3-syllablesIF_D_E_n500_m0_t1_w1_a1e-4_b1e4_e1_f1_g10_h0.1_R-1.score	
.